<?xml version="1.0" encoding="UTF-8"?>
<!-- Generated by org.testng.reporters.JUnitXMLReporter -->
<testsuite hostname="Dhruba" ignored="0" name="Default test" tests="3" failures="0" timestamp="21 Sep 2019 23:04:10 GMT" time="14.594" errors="0">
  <testcase name="OpeningBrowser" time="5.24" classname="datadriven.ChildClass"/>
  <testcase name="flightBooking" time="4.737" classname="datadriven.ChildClass"/>
  <testcase name="logIn" time="4.591" classname="datadriven.TestBase"/>
</testsuite> <!-- Default test -->
