<?xml version="1.0" encoding="UTF-8"?>
<!-- Generated by org.testng.reporters.JUnitXMLReporter -->
<testsuite hostname="Dhruba" ignored="0" name="Test3" tests="11" failures="0" timestamp="21 Sep 2019 16:39:14 GMT" time="0.032" errors="0">
  <testcase name="demo" time="0.0" classname="testng.Day1"/>
  <testcase name="demo1" time="0.0" classname="testng.Day1"/>
  <testcase name="demo2" time="0.0" classname="testng.Day1"/>
  <testcase name="demo3" time="0.0" classname="testng.Day1"/>
  <testcase name="ploan" time="0.0" classname="testng.Day2"/>
  <testcase name="ploan1" time="0.0" classname="testng.Day2"/>
  <testcase name="ploan2" time="0.0" classname="testng.Day2"/>
  <testcase name="ploan3" time="0.0" classname="testng.Day2"/>
  <testcase name="login" time="0.0" classname="testng.Annotations"/>
  <testcase name="logout" time="0.0" classname="testng.Annotations"/>
  <testcase name="start" time="0.0" classname="testng.Annotations"/>
</testsuite> <!-- Test3 -->
