<?xml version="1.0" encoding="UTF-8"?>
<!-- Generated by org.testng.reporters.JUnitXMLReporter -->
<testsuite hostname="Dhruba" ignored="0" name="Test" tests="12" failures="0" timestamp="21 Sep 2019 16:39:14 GMT" time="0.086" errors="0">
  <testcase name="carLoan" time="0.0" classname="testng.Day3"/>
  <testcase name="carLoan1" time="0.016" classname="testng.Day3"/>
  <testcase name="webLogin" time="0.0" classname="testng.Day3"/>
  <testcase name="webLogin1" time="0.0" classname="testng.Day3"/>
  <testcase name="webLogin2" time="0.015" classname="testng.Day3"/>
  <testcase name="webLogin3" time="0.0" classname="testng.Day3"/>
  <testcase name="aptLoan" time="0.0" classname="testng.Day4"/>
  <testcase name="aptLoan1" time="0.0" classname="testng.Day4"/>
  <testcase name="homeLoan" time="0.0" classname="testng.Day4"/>
  <testcase name="homeLoan1" time="0.006" classname="testng.Day4"/>
  <testcase name="homeLoan2" time="0.002" classname="testng.Day4"/>
  <testcase name="homeLoan3" time="0.0" classname="testng.Day4"/>
</testsuite> <!-- Test -->
