<?xml version="1.0" encoding="UTF-8"?>
<!-- Generated by org.testng.reporters.JUnitXMLReporter -->
<testsuite hostname="Dhruba" ignored="0" name="Test4" tests="4" failures="0" timestamp="21 Sep 2019 16:21:10 GMT" time="0.022" errors="0">
  <testcase name="ploan" time="0.0" classname="testng.Day2"/>
  <testcase name="ploan1" time="0.015" classname="testng.Day2"/>
  <testcase name="ploan2" time="0.0" classname="testng.Day2"/>
  <testcase name="ploan3" time="0.0" classname="testng.Day2"/>
</testsuite> <!-- Test4 -->
