<?xml version="1.0" encoding="UTF-8"?>
<!-- Generated by org.testng.reporters.JUnitXMLReporter -->
<testsuite hostname="Dhruba" ignored="0" name="HomeLoan Test" tests="6" failures="0" timestamp="21 Sep 2019 18:06:22 GMT" time="0.015" errors="0">
  <testcase name="aptLoan" time="0.0" classname="testng.Day4"/>
  <testcase name="aptLoan1" time="0.0" classname="testng.Day4"/>
  <testcase name="homeLoan" time="0.0" classname="testng.Day4"/>
  <testcase name="homeLoan1" time="0.0" classname="testng.Day4"/>
  <testcase name="homeLoan2" time="0.0" classname="testng.Day4"/>
  <testcase name="homeLoan3" time="0.0" classname="testng.Day4"/>
</testsuite> <!-- HomeLoan Test -->
