<?xml version="1.0" encoding="UTF-8"?>
<!-- Generated by org.testng.reporters.JUnitXMLReporter -->
<testsuite hostname="Dhruba" ignored="0" name="Loan Department Test" tests="10" failures="1" timestamp="21 Sep 2019 18:06:22 GMT" time="0.116" errors="0">
  <testcase name="aptLoan1" time="0.016" classname="testng.Day5"/>
  <testcase name="login" time="0.0" classname="testng.Day5">
    <failure type="junit.framework.AssertionFailedError">
      <![CDATA[junit.framework.AssertionFailedError
at junit.framework.Assert.fail(Assert.java:47)
at junit.framework.Assert.assertTrue(Assert.java:20)
at junit.framework.Assert.assertTrue(Assert.java:27)
at testng.Day5.login(Day5.java:26)
... Removed 25 stack frames]]>
    </failure>
  </testcase> <!-- login -->
  <testcase name="removeFromDb" time="0.0" classname="testng.Day5"/>
  <testcase name="loginApp" time="0.0" classname="testng.Day5"/>
  <testcase name="loginApp" time="0.0" classname="testng.Day5"/>
  <testcase name="loginApp" time="0.0" classname="testng.Day5"/>
  <testcase name="loginApp" time="0.0" classname="testng.Day5"/>
  <testcase name="logout" time="0.0" classname="testng.Day5"/>
  <testcase name="register" time="0.0" classname="testng.Day5"/>
  <testcase name="start" time="0.0" classname="testng.Day5">
    <skipped/>
  </testcase> <!-- start -->
</testsuite> <!-- Loan Department Test -->
