<?xml version="1.0" encoding="UTF-8"?>
<!-- Generated by org.testng.reporters.JUnitXMLReporter -->
<testsuite hostname="Dhruba" ignored="19" name=" Smoke Test Test" tests="4" failures="0" timestamp="21 Sep 2019 16:48:09 GMT" time="0.069" errors="0">
  <testcase name="webLogin1" time="0.006" classname="testng.Day3"/>
  <testcase name="homeLoan1" time="0.0" classname="testng.Day4"/>
  <testcase name="demo" time="0.0" classname="testng.Day1"/>
  <testcase name="ploan" time="0.0" classname="testng.Day2"/>
  <testcase name="demo3" time="0.0" classname="testng.Day1">
    <ignored/>
  </testcase> <!-- demo3 -->
  <testcase name="homeLoan3" time="0.0" classname="testng.Day4">
    <ignored/>
  </testcase> <!-- homeLoan3 -->
  <testcase name="logout" time="0.0" classname="testng.Annotations">
    <ignored/>
  </testcase> <!-- logout -->
  <testcase name="homeLoan" time="0.0" classname="testng.Day4">
    <ignored/>
  </testcase> <!-- homeLoan -->
  <testcase name="homeLoan2" time="0.0" classname="testng.Day4">
    <ignored/>
  </testcase> <!-- homeLoan2 -->
  <testcase name="aptLoan1" time="0.0" classname="testng.Day4">
    <ignored/>
  </testcase> <!-- aptLoan1 -->
  <testcase name="demo2" time="0.0" classname="testng.Day1">
    <ignored/>
  </testcase> <!-- demo2 -->
  <testcase name="ploan2" time="0.0" classname="testng.Day2">
    <ignored/>
  </testcase> <!-- ploan2 -->
  <testcase name="login" time="0.0" classname="testng.Annotations">
    <ignored/>
  </testcase> <!-- login -->
  <testcase name="webLogin" time="0.0" classname="testng.Day3">
    <ignored/>
  </testcase> <!-- webLogin -->
  <testcase name="ploan3" time="0.0" classname="testng.Day2">
    <ignored/>
  </testcase> <!-- ploan3 -->
  <testcase name="start" time="0.0" classname="testng.Annotations">
    <ignored/>
  </testcase> <!-- start -->
  <testcase name="webLogin2" time="0.0" classname="testng.Day3">
    <ignored/>
  </testcase> <!-- webLogin2 -->
  <testcase name="aptLoan" time="0.0" classname="testng.Day4">
    <ignored/>
  </testcase> <!-- aptLoan -->
  <testcase name="ploan1" time="0.0" classname="testng.Day2">
    <ignored/>
  </testcase> <!-- ploan1 -->
  <testcase name="webLogin3" time="0.0" classname="testng.Day3">
    <ignored/>
  </testcase> <!-- webLogin3 -->
  <testcase name="carLoan" time="0.0" classname="testng.Day3">
    <ignored/>
  </testcase> <!-- carLoan -->
  <testcase name="demo1" time="0.0" classname="testng.Day1">
    <ignored/>
  </testcase> <!-- demo1 -->
  <testcase name="carLoan1" time="0.0" classname="testng.Day3">
    <ignored/>
  </testcase> <!-- carLoan1 -->
</testsuite> <!--  Smoke Test Test -->
