<?xml version="1.0" encoding="UTF-8"?>
<!-- Generated by org.testng.reporters.JUnitXMLReporter -->
<testsuite hostname="Dhruba" ignored="0" name="Personal loan" tests="8" failures="0" timestamp="21 Sep 2019 15:26:55 GMT" time="0.1" errors="0">
  <testcase name="demo" time="0.022" classname="testng.Day1"/>
  <testcase name="demo1" time="0.0" classname="testng.Day1"/>
  <testcase name="demo2" time="0.0" classname="testng.Day1"/>
  <testcase name="demo3" time="0.0" classname="testng.Day1"/>
  <testcase name="ploan" time="0.0" classname="testng.Day2"/>
  <testcase name="ploan1" time="0.015" classname="testng.Day2"/>
  <testcase name="ploan2" time="0.0" classname="testng.Day2"/>
  <testcase name="ploan3" time="0.0" classname="testng.Day2"/>
</testsuite> <!-- Personal loan -->
