<?xml version="1.0" encoding="UTF-8"?>
<!-- Generated by org.testng.reporters.JUnitXMLReporter -->
<testsuite hostname="Dhruba" ignored="0" name="Test" tests="6" failures="1" timestamp="21 Sep 2019 17:16:20 GMT" time="0.062" errors="0">
  <testcase name="aptLoan1" time="0.016" classname="testng.Day5"/>
  <testcase name="login" time="0.015" classname="testng.Day5">
    <failure type="junit.framework.AssertionFailedError">
      <![CDATA[junit.framework.AssertionFailedError
at junit.framework.Assert.fail(Assert.java:47)
at junit.framework.Assert.assertTrue(Assert.java:20)
at junit.framework.Assert.assertTrue(Assert.java:27)
at testng.Day5.login(Day5.java:22)
... Removed 25 stack frames]]>
    </failure>
  </testcase> <!-- login -->
  <testcase name="register" time="0.0" classname="testng.Day5"/>
  <testcase name="removeFromDb" time="0.0" classname="testng.Day5"/>
  <testcase name="logout" time="0.0" classname="testng.Day5"/>
  <testcase name="start" time="0.0" classname="testng.Day5">
    <skipped/>
  </testcase> <!-- start -->
</testsuite> <!-- Test -->
